<?xml version="1.0" encoding="UTF-8"?>
<testsuite xmlns:xsi="http://www.w3.org/2001/XMLSchema-instance" xsi:noNamespaceSchemaLocation="https://maven.apache.org/surefire/maven-surefire-plugin/xsd/surefire-test-report.xsd" name="edu.yu.introtoalgs.IntersectRectanglesTest" time="0.143" tests="11" errors="0" skipped="0" failures="0">
  <properties>
[...]
</properties>
  <testcase name="NegativeXValuesTest" classname="edu.yu.introtoalgs.IntersectRectanglesTest" time="0.015"/>
  <testcase name="sameRectangleTest" classname="edu.yu.introtoalgs.IntersectRectanglesTest" time="0.006"/>
  <testcase name="weirdNumbersTest" classname="edu.yu.introtoalgs.IntersectRectanglesTest" time="0.007"/>
  <testcase name="nullInputTest" classname="edu.yu.introtoalgs.IntersectRectanglesTest" time="0.006"/>
  <testcase name="basicIntersectTest" classname="edu.yu.introtoalgs.IntersectRectanglesTest" time="0.006"/>
  <testcase name="basicNoIntersectTest" classname="edu.yu.introtoalgs.IntersectRectanglesTest" time="0.006"/>
  <testcase name="equalsTest" classname="edu.yu.introtoalgs.IntersectRectanglesTest" time="0.012"/>
  <testcase name="NegativeYValuesTest" classname="edu.yu.introtoalgs.IntersectRectanglesTest" time="0.007"/>
  <testcase name="hashCodeTest" classname="edu.yu.introtoalgs.IntersectRectanglesTest" time="0.015"/>
  <testcase name="basicIntersectTest2" classname="edu.yu.introtoalgs.IntersectRectanglesTest" time="0.006"/>
  <testcase name="basicIntersectTest3" classname="edu.yu.introtoalgs.IntersectRectanglesTest" time="0.006"/>
</testsuite>