<?xml version="1.0" encoding="UTF-8"?>
<testsuite xmlns:xsi="http://www.w3.org/2001/XMLSchema-instance" xsi:noNamespaceSchemaLocation="https://maven.apache.org/surefire/maven-surefire-plugin/xsd/surefire-test-report-3.0.xsd" version="3.0" name="yu.edu.cs.DocumentPersistenceManagerTest" time="0.02" tests="5" errors="0" skipped="0" failures="0">
  <properties>
[...]
</properties>
  <testcase name="serializeBinaryDocumentTest" classname="yu.edu.cs.DocumentPersistenceManagerTest" time="0"/>
  <testcase name="deserializeBinaryDocumentTest" classname="yu.edu.cs.DocumentPersistenceManagerTest" time="0.008"/>
  <testcase name="serializeTest" classname="yu.edu.cs.DocumentPersistenceManagerTest" time="0.004">
    <system-out><![CDATA[Document: edu.yu.cs.com1320.project.stage5.impl.DocumentImpl@2d6425b8
]]></system-out>
  </testcase>
  <testcase name="deleteTest" classname="yu.edu.cs.DocumentPersistenceManagerTest" time="0"/>
  <testcase name="deserializeTest" classname="yu.edu.cs.DocumentPersistenceManagerTest" time="0.008"/>
</testsuite>