<?xml version="1.0" encoding="UTF-8"?>
<testsuite xmlns:xsi="http://www.w3.org/2001/XMLSchema-instance" xsi:noNamespaceSchemaLocation="https://maven.apache.org/surefire/maven-surefire-plugin/xsd/surefire-test-report.xsd" name="edu.yu.cs.com3800.stage5.stage5Tests" time="41.369" tests="7" errors="6" skipped="0" failures="0">
  <properties>
[...]
</properties>
  <testcase name="deadLeaderFewServersNoClient" classname="edu.yu.cs.com3800.stage5.stage5Tests" time="32.323"/>
  <testcase name="smallDeadLeaderTest" classname="edu.yu.cs.com3800.stage5.stage5Tests" time="0.007">
    <error message="java.net.BindException: Address already in use: bind" type="java.lang.RuntimeException">java.lang.RuntimeException: java.net.BindException: Address already in use: bind
	at edu.yu.cs.com3800.stage5.stage5Tests.smallDeadLeaderTest(stage5Tests.java:41)
Caused by: java.net.BindException: Address already in use: bind
	at edu.yu.cs.com3800.stage5.stage5Tests.smallDeadLeaderTest(stage5Tests.java:41)
</error>
    <system-err><![CDATA[Dec 26, 2022 6:16:09 PM edu.yu.cs.com3800.UDPMessageReceiver run
SEVERE: Exiting UDPMessageReceiver.run()
]]></system-err>
  </testcase>
  <testcase name="deadRandomTest" classname="edu.yu.cs.com3800.stage5.stage5Tests" time="0.001">
    <error message="java.net.BindException: Address already in use: bind" type="java.lang.RuntimeException">java.lang.RuntimeException: java.net.BindException: Address already in use: bind
	at edu.yu.cs.com3800.stage5.stage5Tests.deadRandomTest(stage5Tests.java:46)
Caused by: java.net.BindException: Address already in use: bind
	at edu.yu.cs.com3800.stage5.stage5Tests.deadRandomTest(stage5Tests.java:46)
</error>
  </testcase>
  <testcase name="noErrorTestFewServers" classname="edu.yu.cs.com3800.stage5.stage5Tests" time="8.994">
    <error message="HTTP/1.1 header parser received no bytes" type="java.io.IOException">java.io.IOException: HTTP/1.1 header parser received no bytes
	at edu.yu.cs.com3800.stage5.stage5Tests.noErrorTestFewServers(stage5Tests.java:29)
Caused by: java.io.IOException: HTTP/1.1 header parser received no bytes
Caused by: java.io.EOFException: EOF reached while reading
</error>
    <system-out><![CDATA[Created OBSERVER on port 6969
Server on port 8050 whose ID is 0 has the following ID as its leader: 3 and its state is FOLLOWING
Server on port 8060 whose ID is 1 has the following ID as its leader: 3 and its state is FOLLOWING
Server on port 8070 whose ID is 2 has the following ID as its leader: 3 and its state is FOLLOWING
Server on port 8080 whose ID is 3 has the following ID as its leader: 3 and its state is LEADING
Server on port 6969 whose ID is 8 has no leader and its state is OBSERVER
Gateway server has no leader
Client created
Sending compile and run request with package edu.yu.cs.com3800.stage5;

public class HelloWorld
{
    public String run()
    {
        return "Hello world! from code version 0";
    }
}

]]></system-out>
    <system-err><![CDATA[Dec 26, 2022 6:16:09 PM edu.yu.cs.com3800.stage5.ZooKeeperPeerServerImpl <init>
INFO: ZooKeeperPeerServerImpl created
Dec 26, 2022 6:16:09 PM edu.yu.cs.com3800.stage5.ZooKeeperPeerServerImpl <init>
INFO: ZooKeeperPeerServerImpl created
Dec 26, 2022 6:16:09 PM edu.yu.cs.com3800.stage5.ZooKeeperPeerServerImpl <init>
INFO: ZooKeeperPeerServerImpl created
Dec 26, 2022 6:16:09 PM edu.yu.cs.com3800.stage5.ZooKeeperPeerServerImpl run
INFO: 0: Server Running
Dec 26, 2022 6:16:09 PM edu.yu.cs.com3800.stage5.ZooKeeperPeerServerImpl run
INFO: 1: Server Running
Dec 26, 2022 6:16:09 PM edu.yu.cs.com3800.stage5.ZooKeeperPeerServerImpl run
INFO: 2: Server Running
Dec 26, 2022 6:16:09 PM edu.yu.cs.com3800.stage5.ZooKeeperPeerServerImpl <init>
INFO: ZooKeeperPeerServerImpl created
Dec 26, 2022 6:16:09 PM edu.yu.cs.com3800.stage5.GatewayServer <init>
INFO: GatewayServer created and starting
Dec 26, 2022 6:16:09 PM edu.yu.cs.com3800.stage5.ZooKeeperPeerServerImpl <init>
INFO: ZooKeeperPeerServerImpl created
Dec 26, 2022 6:16:09 PM edu.yu.cs.com3800.stage5.ZooKeeperPeerServerImpl setPeerState
INFO: 8: my state is now OBSERVER
Dec 26, 2022 6:16:09 PM edu.yu.cs.com3800.stage5.GatewayServer <init>
INFO: GatewayPeerServerImpl started
Dec 26, 2022 6:16:09 PM edu.yu.cs.com3800.stage5.ZooKeeperPeerServerImpl run
INFO: 3: Server Running
Dec 26, 2022 6:16:09 PM edu.yu.cs.com3800.stage5.ZooKeeperPeerServerImpl run
INFO: 8: Server Running
Dec 26, 2022 6:16:09 PM edu.yu.cs.com3800.UDPMessageReceiver run
SEVERE: failed to create receiving socket
java.net.BindException: Address already in use: bind
	at java.base/sun.nio.ch.Net.bind0(Native Method)
	at java.base/sun.nio.ch.Net.bind(Net.java:555)
	at java.base/sun.nio.ch.DatagramChannelImpl.bindInternal(DatagramChannelImpl.java:1194)
	at java.base/sun.nio.ch.DatagramChannelImpl.bind(DatagramChannelImpl.java:1164)
	at java.base/sun.nio.ch.DatagramSocketAdaptor.bind(DatagramSocketAdaptor.java:107)
	at java.base/java.net.DatagramSocket.createDelegate(DatagramSocket.java:1426)
	at java.base/java.net.DatagramSocket.<init>(DatagramSocket.java:330)
	at edu.yu.cs.com3800.UDPMessageReceiver.run(UDPMessageReceiver.java:36)

Dec 26, 2022 6:16:10 PM edu.yu.cs.com3800.stage5.ZooKeeperPeerServerImpl setCurrentLeader
INFO: 0: setting current leader to 1
Dec 26, 2022 6:16:10 PM edu.yu.cs.com3800.UDPMessageReceiver run
SEVERE: Exiting UDPMessageReceiver.run()
Dec 26, 2022 6:16:11 PM edu.yu.cs.com3800.UDPMessageReceiver run
SEVERE: Exiting UDPMessageReceiver.run()
Dec 26, 2022 6:16:12 PM edu.yu.cs.com3800.UDPMessageReceiver run
SEVERE: Exiting UDPMessageReceiver.run()
Dec 26, 2022 6:16:12 PM edu.yu.cs.com3800.stage5.ZooKeeperPeerServerImpl setPeerState
INFO: 0: my state is now FOLLOWING
Dec 26, 2022 6:16:12 PM edu.yu.cs.com3800.stage5.ZooKeeperPeerServerImpl setPeerState
INFO: 1: my state is now FOLLOWING
Dec 26, 2022 6:16:12 PM edu.yu.cs.com3800.stage5.ZooKeeperPeerServerImpl setPeerState
INFO: 3: my state is now LEADING
Dec 26, 2022 6:16:12 PM edu.yu.cs.com3800.stage5.ZooKeeperPeerServerImpl setCurrentLeader
INFO: 0: setting current leader to 3
Dec 26, 2022 6:16:12 PM edu.yu.cs.com3800.stage5.ZooKeeperPeerServerImpl setCurrentLeader
INFO: 1: setting current leader to 3
Dec 26, 2022 6:16:12 PM edu.yu.cs.com3800.stage5.ZooKeeperPeerServerImpl setCurrentLeader
INFO: 3: setting current leader to 3
Dec 26, 2022 6:16:12 PM edu.yu.cs.com3800.stage5.ZooKeeperPeerServerImpl setPeerState
INFO: 2: my state is now FOLLOWING
Dec 26, 2022 6:16:12 PM edu.yu.cs.com3800.stage5.ZooKeeperPeerServerImpl setCurrentLeader
INFO: 2: setting current leader to 3
Dec 26, 2022 6:16:14 PM edu.yu.cs.com3800.stage5.ZooKeeperPeerServerImpl setCurrentLeader
INFO: 0: setting current leader to 3
Dec 26, 2022 6:16:14 PM edu.yu.cs.com3800.stage5.ZooKeeperPeerServerImpl setCurrentLeader
INFO: 3: setting current leader to 3
Dec 26, 2022 6:16:14 PM edu.yu.cs.com3800.stage5.ZooKeeperPeerServerImpl setCurrentLeader
INFO: 1: setting current leader to 3
Dec 26, 2022 6:16:14 PM edu.yu.cs.com3800.stage5.ZooKeeperPeerServerImpl setCurrentLeader
INFO: 2: setting current leader to 3
Dec 26, 2022 6:16:18 PM edu.yu.cs.com3800.stage5.GatewayServer$MyHandler handle
INFO: GatewayServer received a request from a client
]]></system-err>
  </testcase>
  <testcase name="deadRandomTestFewServer" classname="edu.yu.cs.com3800.stage5.stage5Tests" time="0.001">
    <error message="java.net.BindException: Address already in use: bind" type="java.lang.RuntimeException">java.lang.RuntimeException: java.net.BindException: Address already in use: bind
	at edu.yu.cs.com3800.stage5.stage5Tests.deadRandomTestFewServer(stage5Tests.java:52)
Caused by: java.net.BindException: Address already in use: bind
	at edu.yu.cs.com3800.stage5.stage5Tests.deadRandomTestFewServer(stage5Tests.java:52)
</error>
  </testcase>
  <testcase name="deadLeaderTest" classname="edu.yu.cs.com3800.stage5.stage5Tests" time="0.002">
    <error message="java.net.BindException: Address already in use: bind" type="java.lang.RuntimeException">java.lang.RuntimeException: java.net.BindException: Address already in use: bind
	at edu.yu.cs.com3800.stage5.stage5Tests.deadLeaderTest(stage5Tests.java:35)
Caused by: java.net.BindException: Address already in use: bind
	at edu.yu.cs.com3800.stage5.stage5Tests.deadLeaderTest(stage5Tests.java:35)
</error>
  </testcase>
  <testcase name="noErrorTest" classname="edu.yu.cs.com3800.stage5.stage5Tests" time="0.002">
    <error message="java.net.BindException: Address already in use: bind" type="java.lang.RuntimeException">java.lang.RuntimeException: java.net.BindException: Address already in use: bind
	at edu.yu.cs.com3800.stage5.stage5Tests.noErrorTest(stage5Tests.java:23)
Caused by: java.net.BindException: Address already in use: bind
	at edu.yu.cs.com3800.stage5.stage5Tests.noErrorTest(stage5Tests.java:23)
</error>
  </testcase>
</testsuite>